2025-12-30T12:23:33.613Z [INFO] [dotenv@17.2.3] injecting env (12) from .env [2m-- tip: ⚙️  suppress all logs with { quiet: true }[0m
2025-12-30T12:23:33.625Z [INFO] [dotenv@17.2.3] injecting env (12) from .env [2m-- tip: ⚙️  load multiple .env files with { path: ['.env.local', '.env'] }[0m
2025-12-30T12:23:33.626Z [INFO] [dotenv@17.2.3] injecting env (12) from .env [2m-- tip: 🛠️  run anywhere with `dotenvx run -- yourcommand`[0m
2025-12-30T12:23:33.709Z [INFO] Conectado ao banco de dados.
2025-12-30T12:23:33.710Z [INFO] Verificando validade do token...
2025-12-30T12:23:33.735Z [INFO] Token existente ainda é válido. Reutilizando.
2025-12-30T12:23:33.736Z [INFO] Consultando API Raster para posições...
2025-12-30T12:23:34.103Z [INFO] 66 posições recebidas. Iniciando processamento...
2025-12-30T12:23:34.103Z [INFO] Pula placa INE3F73 por falta de data de posição.
2025-12-30T12:23:34.104Z [INFO] Pula placa LZB9D71 por falta de data de posição.
2025-12-30T12:23:34.104Z [INFO] Pula placa IIW5G60 por falta de data de posição.
2025-12-30T12:23:34.104Z [INFO] Pula placa CBP-146 por falta de data de posição.
2025-12-30T12:23:34.104Z [INFO] Pula placa IQV0A11 por falta de data de posição.
2025-12-30T12:23:36.527Z [INFO] Processo finalizado. 61 registros processados.
2025-12-30T12:23:36.549Z [INFO] Conexão fechada.
2025-12-30 09:28:01 [INFO] [dotenv@17.2.3] injecting env (12) from .env [2m-- tip: 🗂️ backup and recover secrets: https://dotenvx.com/ops[0m
2025-12-30 09:28:01 [INFO] [dotenv@17.2.3] injecting env (12) from .env [2m-- tip: ✅ audit secrets and track compliance: https://dotenvx.com/ops[0m
2025-12-30 09:28:01 [INFO] [dotenv@17.2.3] injecting env (12) from .env [2m-- tip: ⚙️  write to custom object with { processEnv: myObject }[0m
2025-12-30 09:28:01 [INFO] Conectado ao banco de dados.
2025-12-30 09:28:01 [INFO] Verificando validade do token...
2025-12-30 09:28:01 [INFO] Token existente ainda é válido. Reutilizando.
2025-12-30 09:28:01 [INFO] Consultando API Raster para posições...
2025-12-30 09:28:02 [INFO] 66 posições recebidas. Iniciando processamento...
2025-12-30 09:28:02 [INFO] Pula placa INE3F73 por falta de data de posição.
2025-12-30 09:28:02 [INFO] Pula placa LZB9D71 por falta de data de posição.
2025-12-30 09:28:02 [INFO] Pula placa IIW5G60 por falta de data de posição.
2025-12-30 09:28:02 [INFO] Pula placa CBP-146 por falta de data de posição.
2025-12-30 09:28:02 [INFO] Pula placa IQV0A11 por falta de data de posição.
2025-12-30 09:28:03 [INFO] Processo finalizado. 61 registros processados.
2025-12-30 09:28:03 [INFO] Conexão fechada.
